<?xml version="1.0" encoding="UTF-8" ?>
<testsuite tests="9" failures="0" name="practikumTests.IngredientTest" time="0" errors="0" skipped="0">
  <properties>
[...]
</properties>
  <testcase classname="practikumTests.IngredientTest" name="getTypeReturnsTypeTest[0]" time="0"/>
  <testcase classname="practikumTests.IngredientTest" name="getPriceReturnsPriceTest[0]" time="0"/>
  <testcase classname="practikumTests.IngredientTest" name="getNameReturnsNameTest[0]" time="0"/>
  <testcase classname="practikumTests.IngredientTest" name="getTypeReturnsTypeTest[1]" time="0"/>
  <testcase classname="practikumTests.IngredientTest" name="getPriceReturnsPriceTest[1]" time="0"/>
  <testcase classname="practikumTests.IngredientTest" name="getNameReturnsNameTest[1]" time="0"/>
  <testcase classname="practikumTests.IngredientTest" name="getTypeReturnsTypeTest[2]" time="0"/>
  <testcase classname="practikumTests.IngredientTest" name="getPriceReturnsPriceTest[2]" time="0"/>
  <testcase classname="practikumTests.IngredientTest" name="getNameReturnsNameTest[2]" time="0"/>
</testsuite>