<?xml version="1.0" encoding="UTF-8" ?>
<testsuite tests="6" failures="0" name="praktikum_tests.ClassBurgerTest" time="1.238" errors="0" skipped="0">
  <properties>
[...]
</properties>
  <testcase classname="praktikum_tests.ClassBurgerTest" name="checkRemoveIngredientMethod" time="1.136"/>
  <testcase classname="praktikum_tests.ClassBurgerTest" name="checkAddIngredientMethod" time="0.001"/>
  <testcase classname="praktikum_tests.ClassBurgerTest" name="checkGetPriceMethod" time="0.041"/>
  <testcase classname="praktikum_tests.ClassBurgerTest" name="checkSetBunMethod" time="0"/>
  <testcase classname="praktikum_tests.ClassBurgerTest" name="checkGetReceiptMethod" time="0.059"/>
  <testcase classname="praktikum_tests.ClassBurgerTest" name="checkMoveIngredientMethod" time="0.001"/>
</testsuite>