<?xml version="1.0" encoding="UTF-8" ?>
<testsuite tests="8" failures="0" name="praktikum.BurgerParameterizedTest" time="1.131" errors="0" skipped="0">
  <properties>
[...]
</properties>
  <testcase classname="praktikum.BurgerParameterizedTest" name="getPriceReturnsCorrectPriceValue[0]" time="1.114"/>
  <testcase classname="praktikum.BurgerParameterizedTest" name="getReceiptReturnsCorrectStringValue[0]" time="0.007"/>
  <testcase classname="praktikum.BurgerParameterizedTest" name="getPriceReturnsCorrectPriceValue[1]" time="0.001"/>
  <testcase classname="praktikum.BurgerParameterizedTest" name="getReceiptReturnsCorrectStringValue[1]" time="0.002"/>
  <testcase classname="praktikum.BurgerParameterizedTest" name="getPriceReturnsCorrectPriceValue[2]" time="0.001"/>
  <testcase classname="praktikum.BurgerParameterizedTest" name="getReceiptReturnsCorrectStringValue[2]" time="0.002"/>
  <testcase classname="praktikum.BurgerParameterizedTest" name="getPriceReturnsCorrectPriceValue[3]" time="0.001"/>
  <testcase classname="praktikum.BurgerParameterizedTest" name="getReceiptReturnsCorrectStringValue[3]" time="0.003"/>
</testsuite>