<?xml version="1.0" encoding="UTF-8" ?>
<testsuite tests="6" failures="0" name="BurgerGetReceiptTest" time="3.253" errors="0" skipped="0">
  <properties>
[...]
</properties>
  <testcase classname="BurgerGetReceiptTest" name="getReceipt_PositiveTest[0]" time="3.183"/>
  <testcase classname="BurgerGetReceiptTest" name="getReceipt_PositiveTest[1]" time="0.045"/>
  <testcase classname="BurgerGetReceiptTest" name="getReceipt_PositiveTest[2]" time="0.015"/>
  <testcase classname="BurgerGetReceiptTest" name="getReceipt_PositiveTest[3]" time="0"/>
  <testcase classname="BurgerGetReceiptTest" name="getReceipt_PositiveTest[4]" time="0.003"/>
  <testcase classname="BurgerGetReceiptTest" name="getReceipt_PositiveTest[5]" time="0.007"/>
</testsuite>