<?xml version="1.0" encoding="UTF-8"?>
<testsuite xmlns:xsi="http://www.w3.org/2001/XMLSchema-instance" xsi:noNamespaceSchemaLocation="https://maven.apache.org/surefire/maven-surefire-plugin/xsd/surefire-test-report-3.0.xsd" version="3.0" name="praktikum.IngredientTest" time="0.006" tests="4" errors="0" skipped="0" failures="0">
  <properties>
[...]
</properties>
  <testcase name="getNameShouldReturnExpectedName" classname="praktikum.IngredientTest" time="0"/>
  <testcase name="getPriceZeroDeltaShouldReturnEqualPrice" classname="praktikum.IngredientTest" time="0"/>
  <testcase name="getPriceNotPermissibleDeltaShouldReturnDifferentPrice" classname="praktikum.IngredientTest" time="0"/>
  <testcase name="getType" classname="praktikum.IngredientTest" time="0"/>
</testsuite>