<?xml version="1.0" encoding="UTF-8"?>
<testsuite xmlns:xsi="http://www.w3.org/2001/XMLSchema-instance" xsi:noNamespaceSchemaLocation="https://maven.apache.org/surefire/maven-surefire-plugin/xsd/surefire-test-report-3.0.xsd" version="3.0" name="praktikum.BunTest" time="0.001" tests="8" errors="0" skipped="0" failures="0">
  <properties>
[...]
</properties>
  <testcase name="getPriceTest[0]" classname="praktikum.BunTest" time="0.0"/>
  <testcase name="getNameTest[0]" classname="praktikum.BunTest" time="0.0"/>
  <testcase name="getPriceTest[1]" classname="praktikum.BunTest" time="0.0"/>
  <testcase name="getNameTest[1]" classname="praktikum.BunTest" time="0.0"/>
  <testcase name="getPriceTest[2]" classname="praktikum.BunTest" time="0.0"/>
  <testcase name="getNameTest[2]" classname="praktikum.BunTest" time="0.0"/>
  <testcase name="getPriceTest[3]" classname="praktikum.BunTest" time="0.0"/>
  <testcase name="getNameTest[3]" classname="praktikum.BunTest" time="0.0"/>
</testsuite>