<?xml version="1.0" encoding="UTF-8" ?>
<testsuite tests="4" failures="0" name="BunParameterizedTest" time="0.004" errors="0" skipped="0">
  <properties>
[...]
</properties>
  <testcase classname="BunParameterizedTest" name="isBunDataValid[0]" time="0.004"/>
  <testcase classname="BunParameterizedTest" name="isBunDataValid[1]" time="0"/>
  <testcase classname="BunParameterizedTest" name="isBunDataValid[2]" time="0"/>
  <testcase classname="BunParameterizedTest" name="isBunDataValid[3]" time="0"/>
</testsuite>