<?xml version="1.0" encoding="UTF-8" ?>
<testsuite tests="6" failures="0" name="praktikum.GetIngredientPriceParameterizedTest" time="0.001" errors="0" skipped="0">
  <properties>
[...]
</properties>
  <testcase classname="praktikum.GetIngredientPriceParameterizedTest" name="getPrice[0]" time="0.001"/>
  <testcase classname="praktikum.GetIngredientPriceParameterizedTest" name="getPrice[1]" time="0"/>
  <testcase classname="praktikum.GetIngredientPriceParameterizedTest" name="getPrice[2]" time="0"/>
  <testcase classname="praktikum.GetIngredientPriceParameterizedTest" name="getPrice[3]" time="0"/>
  <testcase classname="praktikum.GetIngredientPriceParameterizedTest" name="getPrice[4]" time="0"/>
  <testcase classname="praktikum.GetIngredientPriceParameterizedTest" name="getPrice[5]" time="0"/>
</testsuite>