<?xml version="1.0" encoding="UTF-8"?>
<testsuite xmlns:xsi="http://www.w3.org/2001/XMLSchema-instance" xsi:noNamespaceSchemaLocation="https://maven.apache.org/surefire/maven-surefire-plugin/xsd/surefire-test-report-3.0.xsd" version="3.0" name="praktikum.ParametrizedBurgerTest" time="0.095" tests="6" errors="0" skipped="0" failures="0">
  <properties>
[...]
</properties>
  <testcase name="testGetPriceWithoutIngredients[0]" classname="praktikum.ParametrizedBurgerTest" time="0.05"/>
  <testcase name="testGetPriceWithIngredients[0]" classname="praktikum.ParametrizedBurgerTest" time="0.009"/>
  <testcase name="testGetReceipt[0]" classname="praktikum.ParametrizedBurgerTest" time="0.01"/>
  <testcase name="testGetPriceWithoutIngredients[1]" classname="praktikum.ParametrizedBurgerTest" time="0.007"/>
  <testcase name="testGetPriceWithIngredients[1]" classname="praktikum.ParametrizedBurgerTest" time="0.008"/>
  <testcase name="testGetReceipt[1]" classname="praktikum.ParametrizedBurgerTest" time="0.006"/>
</testsuite>