<?xml version="1.0" encoding="UTF-8" ?>
<testsuite tests="18" failures="0" name="BunParametrizedTest" time="0.026" errors="0" skipped="0">
  <properties>
[...]
</properties>
  <testcase classname="BunParametrizedTest" name="checkPriceWithValidData[Тестовые данные: Булка 1]" time="0.016"/>
  <testcase classname="BunParametrizedTest" name="checkNameWithValidData[Тестовые данные: Булка 1]" time="0"/>
  <testcase classname="BunParametrizedTest" name="checkPriceWithValidData[Тестовые данные: Булка без ничего 0]" time="0.001"/>
  <testcase classname="BunParametrizedTest" name="checkNameWithValidData[Тестовые данные: Булка без ничего 0]" time="0"/>
  <testcase classname="BunParametrizedTest" name="checkPriceWithValidData[Тестовые данные:   100]" time="0"/>
  <testcase classname="BunParametrizedTest" name="checkNameWithValidData[Тестовые данные:   100]" time="0.001"/>
  <testcase classname="BunParametrizedTest" name="checkPriceWithValidData[Тестовые данные:  0]" time="0.001"/>
  <testcase classname="BunParametrizedTest" name="checkNameWithValidData[Тестовые данные:  0]" time="0.001"/>
  <testcase classname="BunParametrizedTest" name="checkPriceWithValidData[Тестовые данные: null 0]" time="0"/>
  <testcase classname="BunParametrizedTest" name="checkNameWithValidData[Тестовые данные: null 0]" time="0.001"/>
  <testcase classname="BunParametrizedTest" name="checkPriceWithValidData[Тестовые данные: Пирожок с мясом -1]" time="0.001"/>
  <testcase classname="BunParametrizedTest" name="checkNameWithValidData[Тестовые данные: Пирожок с мясом -1]" time="0"/>
  <testcase classname="BunParametrizedTest" name="checkPriceWithValidData[Тестовые данные: Просто проведём тест на самую длинное название булки в мире 340 282 346 638 528 860 000 000 000 000 000 000 000]" time="0"/>
  <testcase classname="BunParametrizedTest" name="checkNameWithValidData[Тестовые данные: Просто проведём тест на самую длинное название булки в мире 340 282 346 638 528 860 000 000 000 000 000 000 000]" time="0.001"/>
  <testcase classname="BunParametrizedTest" name="checkPriceWithValidData[Тестовые данные: 434789 40,123]" time="0"/>
  <testcase classname="BunParametrizedTest" name="checkNameWithValidData[Тестовые данные: 434789 40,123]" time="0.002"/>
  <testcase classname="BunParametrizedTest" name="checkPriceWithValidData[Тестовые данные: ^&amp;*()!@#$% 0]" time="0.001"/>
  <testcase classname="BunParametrizedTest" name="checkNameWithValidData[Тестовые данные: ^&amp;*()!@#$% 0]" time="0"/>
</testsuite>