<?xml version="1.0" encoding="UTF-8" ?>
<testsuite tests="18" failures="0" name="IngridientTest" time="0.001" errors="0" skipped="0">
  <properties>
[...]
</properties>
  <testcase classname="IngridientTest" name="IngridientTypeTest[0]" time="0"/>
  <testcase classname="IngridientTest" name="ingridientPriceTest[0]" time="0"/>
  <testcase classname="IngridientTest" name="ingridientNameTest[0]" time="0"/>
  <testcase classname="IngridientTest" name="IngridientTypeTest[1]" time="0"/>
  <testcase classname="IngridientTest" name="ingridientPriceTest[1]" time="0"/>
  <testcase classname="IngridientTest" name="ingridientNameTest[1]" time="0.001"/>
  <testcase classname="IngridientTest" name="IngridientTypeTest[2]" time="0"/>
  <testcase classname="IngridientTest" name="ingridientPriceTest[2]" time="0"/>
  <testcase classname="IngridientTest" name="ingridientNameTest[2]" time="0"/>
  <testcase classname="IngridientTest" name="IngridientTypeTest[3]" time="0"/>
  <testcase classname="IngridientTest" name="ingridientPriceTest[3]" time="0"/>
  <testcase classname="IngridientTest" name="ingridientNameTest[3]" time="0"/>
  <testcase classname="IngridientTest" name="IngridientTypeTest[4]" time="0"/>
  <testcase classname="IngridientTest" name="ingridientPriceTest[4]" time="0"/>
  <testcase classname="IngridientTest" name="ingridientNameTest[4]" time="0"/>
  <testcase classname="IngridientTest" name="IngridientTypeTest[5]" time="0"/>
  <testcase classname="IngridientTest" name="ingridientPriceTest[5]" time="0"/>
  <testcase classname="IngridientTest" name="ingridientNameTest[5]" time="0"/>
</testsuite>