<?xml version="1.0" encoding="UTF-8" ?>
<testsuite tests="6" failures="0" name="BurgerTest" time="0.73" errors="0" skipped="0">
  <properties>
[...]
</properties>
  <testcase classname="BurgerTest" name="testGetPrice" time="0.672"/>
  <testcase classname="BurgerTest" name="setBunsToBurger" time="0"/>
  <testcase classname="BurgerTest" name="testRemoveIngredient" time="0"/>
  <testcase classname="BurgerTest" name="testMoveIngredient" time="0"/>
  <testcase classname="BurgerTest" name="testGetReceipt" time="0.006"/>
  <testcase classname="BurgerTest" name="testAddIngredient" time="0.001"/>
</testsuite>